2016-03-03 10:18:35.567 [main] INFO  a00892244.Gis - Starting program
2016-03-03 10:18:35.576 [main] INFO  a00892244.Gis - program arguments: [by_count, desc, platform=IO, total]
2016-03-03 10:18:35.578 [main] INFO  a00892244.Gis - Reading data
2016-03-03 10:18:35.579 [main] INFO  a00892244.Gis - Reading from personas.dat
2016-03-03 10:18:35.619 [main] DEBUG a00892244.Gis - New :  Persona [id=1, playerId=1, gamerTag=Ithroeann, platform=IO, games={}]
2016-03-03 10:18:35.620 [main] DEBUG a00892244.Gis - New :  Persona [id=2, playerId=1, gamerTag=Cirronith, platform=PS, games={}]
2016-03-03 10:18:35.620 [main] DEBUG a00892244.Gis - New :  Persona [id=3, playerId=1, gamerTag=Deathstar, platform=IO, games={}]
2016-03-03 10:18:35.620 [main] DEBUG a00892244.Gis - New :  Persona [id=4, playerId=2, gamerTag=Mazzzap, platform=AN, games={}]
2016-03-03 10:18:35.620 [main] DEBUG a00892244.Gis - New :  Persona [id=5, playerId=2, gamerTag=Redstripe, platform=PC, games={}]
2016-03-03 10:18:35.620 [main] DEBUG a00892244.Gis - New :  Persona [id=6, playerId=3, gamerTag=Crayonbreath, platform=PS, games={}]
2016-03-03 10:18:35.620 [main] DEBUG a00892244.Gis - New :  Persona [id=7, playerId=4, gamerTag=Quinesia, platform=XB, games={}]
2016-03-03 10:18:35.621 [main] DEBUG a00892244.Gis - New :  Persona [id=8, playerId=4, gamerTag=VolcanoBrawler, platform=PC, games={}]
2016-03-03 10:18:35.621 [main] DEBUG a00892244.Gis - New :  Persona [id=9, playerId=5, gamerTag=CastleRock, platform=XB, games={}]
2016-03-03 10:18:35.621 [main] DEBUG a00892244.Gis - New :  Persona [id=10, playerId=5, gamerTag=TorpedoBear, platform=PC, games={}]
2016-03-03 10:18:35.621 [main] DEBUG a00892244.Gis - New :  Persona [id=11, playerId=5, gamerTag=GreenPanda, platform=AN, games={}]
2016-03-03 10:18:35.622 [main] DEBUG a00892244.Gis - {1=Persona [id=1, playerId=1, gamerTag=Ithroeann, platform=IO, games={}], 2=Persona [id=2, playerId=1, gamerTag=Cirronith, platform=PS, games={}], 3=Persona [id=3, playerId=1, gamerTag=Deathstar, platform=IO, games={}], 4=Persona [id=4, playerId=2, gamerTag=Mazzzap, platform=AN, games={}], 5=Persona [id=5, playerId=2, gamerTag=Redstripe, platform=PC, games={}], 6=Persona [id=6, playerId=3, gamerTag=Crayonbreath, platform=PS, games={}], 7=Persona [id=7, playerId=4, gamerTag=Quinesia, platform=XB, games={}], 8=Persona [id=8, playerId=4, gamerTag=VolcanoBrawler, platform=PC, games={}], 9=Persona [id=9, playerId=5, gamerTag=CastleRock, platform=XB, games={}], 10=Persona [id=10, playerId=5, gamerTag=TorpedoBear, platform=PC, games={}], 11=Persona [id=11, playerId=5, gamerTag=GreenPanda, platform=AN, games={}]}
2016-03-03 10:18:35.622 [main] INFO  a00892244.Gis - Reading from games.dat
2016-03-03 10:18:35.671 [main] DEBUG a00892244.Gis - New Game [id=CODE, name=Colour Demon, producer=Magenta Boxer, scores=[]]
2016-03-03 10:18:35.671 [main] DEBUG a00892244.Gis - New Game [id=NUPI, name=Number Picker, producer=Random Numburrs, scores=[]]
2016-03-03 10:18:35.671 [main] DEBUG a00892244.Gis - New Game [id=QUFI, name=Quick Fingers, producer=Digitology, scores=[]]
2016-03-03 10:18:35.672 [main] DEBUG a00892244.Gis - {QUFI=Game [id=QUFI, name=Quick Fingers, producer=Digitology, scores=[]], CODE=Game [id=CODE, name=Colour Demon, producer=Magenta Boxer, scores=[]], NUPI=Game [id=NUPI, name=Number Picker, producer=Random Numburrs, scores=[]]}
2016-03-03 10:18:35.672 [main] INFO  a00892244.Gis - Reading from scores.dat
2016-03-03 10:18:35.711 [main] DEBUG a00892244.Gis - New Score [personaId=11, gameId=NUPI, win=WIN]
2016-03-03 10:18:35.711 [main] DEBUG a00892244.Gis - Added Game Game [id=NUPI, name=Number Picker, producer=0:0, scores=[Score [personaId=11, gameId=NUPI, win=WIN]]] to persona id 11
2016-03-03 10:18:35.712 [main] DEBUG a00892244.Gis - New Score [personaId=8, gameId=QUFI, win=LOSE]
2016-03-03 10:18:35.712 [main] DEBUG a00892244.Gis - Added Game Game [id=QUFI, name=Quick Fingers, producer=0:0, scores=[Score [personaId=8, gameId=QUFI, win=LOSE]]] to persona id 8
2016-03-03 10:18:35.712 [main] DEBUG a00892244.Gis - New Score [personaId=4, gameId=CODE, win=LOSE]
2016-03-03 10:18:35.716 [main] DEBUG a00892244.Gis - Added Game Game [id=CODE, name=Colour Demon, producer=0:0, scores=[Score [personaId=4, gameId=CODE, win=LOSE]]] to persona id 4
2016-03-03 10:18:35.717 [main] DEBUG a00892244.Gis - New Score [personaId=5, gameId=QUFI, win=WIN]
2016-03-03 10:18:35.717 [main] DEBUG a00892244.Gis - Added Game Game [id=QUFI, name=Quick Fingers, producer=0:1, scores=[Score [personaId=5, gameId=QUFI, win=WIN]]] to persona id 5
2016-03-03 10:18:35.717 [main] DEBUG a00892244.Gis - New Score [personaId=1, gameId=QUFI, win=LOSE]
2016-03-03 10:18:35.717 [main] DEBUG a00892244.Gis - Added Game Game [id=QUFI, name=Quick Fingers, producer=1:1, scores=[Score [personaId=1, gameId=QUFI, win=LOSE]]] to persona id 1
2016-03-03 10:18:35.717 [main] DEBUG a00892244.Gis - New Score [personaId=3, gameId=QUFI, win=WIN]
2016-03-03 10:18:35.717 [main] DEBUG a00892244.Gis - Added Game Game [id=QUFI, name=Quick Fingers, producer=1:2, scores=[Score [personaId=3, gameId=QUFI, win=WIN]]] to persona id 3
2016-03-03 10:18:35.718 [main] DEBUG a00892244.Gis - New Score [personaId=7, gameId=CODE, win=WIN]
2016-03-03 10:18:35.718 [main] DEBUG a00892244.Gis - Added Game Game [id=CODE, name=Colour Demon, producer=0:1, scores=[Score [personaId=7, gameId=CODE, win=WIN]]] to persona id 7
2016-03-03 10:18:35.718 [main] DEBUG a00892244.Gis - New Score [personaId=2, gameId=CODE, win=WIN]
2016-03-03 10:18:35.719 [main] DEBUG a00892244.Gis - Added Game Game [id=CODE, name=Colour Demon, producer=1:1, scores=[Score [personaId=2, gameId=CODE, win=WIN]]] to persona id 2
2016-03-03 10:18:35.724 [main] DEBUG a00892244.Gis - New Score [personaId=4, gameId=NUPI, win=LOSE]
2016-03-03 10:18:35.728 [main] DEBUG a00892244.Gis - Added Game Game [id=NUPI, name=Number Picker, producer=1:0, scores=[Score [personaId=4, gameId=NUPI, win=LOSE]]] to persona id 4
2016-03-03 10:18:35.729 [main] DEBUG a00892244.Gis - New Score [personaId=10, gameId=NUPI, win=WIN]
2016-03-03 10:18:35.729 [main] DEBUG a00892244.Gis - Added Game Game [id=NUPI, name=Number Picker, producer=1:1, scores=[Score [personaId=10, gameId=NUPI, win=WIN]]] to persona id 10
2016-03-03 10:18:35.729 [main] DEBUG a00892244.Gis - New Score [personaId=9, gameId=QUFI, win=LOSE]
2016-03-03 10:18:35.729 [main] DEBUG a00892244.Gis - Added Game Game [id=QUFI, name=Quick Fingers, producer=2:2, scores=[Score [personaId=9, gameId=QUFI, win=LOSE]]] to persona id 9
2016-03-03 10:18:35.730 [main] DEBUG a00892244.Gis - New Score [personaId=4, gameId=QUFI, win=WIN]
2016-03-03 10:18:35.730 [main] DEBUG a00892244.Gis - Added Game Game [id=QUFI, name=Quick Fingers, producer=2:3, scores=[Score [personaId=4, gameId=QUFI, win=WIN]]] to persona id 4
2016-03-03 10:18:35.730 [main] DEBUG a00892244.Gis - New Score [personaId=5, gameId=CODE, win=LOSE]
2016-03-03 10:18:35.730 [main] DEBUG a00892244.Gis - Added Game Game [id=CODE, name=Colour Demon, producer=2:1, scores=[Score [personaId=5, gameId=CODE, win=LOSE]]] to persona id 5
2016-03-03 10:18:35.731 [main] DEBUG a00892244.Gis - New Score [personaId=1, gameId=QUFI, win=WIN]
2016-03-03 10:18:35.735 [main] DEBUG a00892244.Gis - Added Game Game [id=QUFI, name=Quick Fingers, producer=1:1, scores=[Score [personaId=1, gameId=QUFI, win=LOSE], Score [personaId=1, gameId=QUFI, win=WIN]]] to persona id 1
2016-03-03 10:18:35.736 [main] DEBUG a00892244.Gis - New Score [personaId=6, gameId=QUFI, win=WIN]
2016-03-03 10:18:35.737 [main] DEBUG a00892244.Gis - Added Game Game [id=QUFI, name=Quick Fingers, producer=4:3, scores=[Score [personaId=6, gameId=QUFI, win=WIN]]] to persona id 6
2016-03-03 10:18:35.737 [main] DEBUG a00892244.Gis - New Score [personaId=8, gameId=NUPI, win=LOSE]
2016-03-03 10:18:35.737 [main] DEBUG a00892244.Gis - Added Game Game [id=NUPI, name=Number Picker, producer=2:1, scores=[Score [personaId=8, gameId=NUPI, win=LOSE]]] to persona id 8
2016-03-03 10:18:35.739 [main] DEBUG a00892244.Gis - New Score [personaId=7, gameId=NUPI, win=WIN]
2016-03-03 10:18:35.739 [main] DEBUG a00892244.Gis - Added Game Game [id=NUPI, name=Number Picker, producer=2:2, scores=[Score [personaId=7, gameId=NUPI, win=WIN]]] to persona id 7
2016-03-03 10:18:35.739 [main] DEBUG a00892244.Gis - New Score [personaId=5, gameId=NUPI, win=WIN]
2016-03-03 10:18:35.740 [main] DEBUG a00892244.Gis - Added Game Game [id=NUPI, name=Number Picker, producer=3:2, scores=[Score [personaId=5, gameId=NUPI, win=WIN]]] to persona id 5
2016-03-03 10:18:35.740 [main] DEBUG a00892244.Gis - New Score [personaId=3, gameId=QUFI, win=WIN]
2016-03-03 10:18:35.741 [main] DEBUG a00892244.Gis - Added Game Game [id=QUFI, name=Quick Fingers, producer=1:2, scores=[Score [personaId=3, gameId=QUFI, win=WIN], Score [personaId=3, gameId=QUFI, win=WIN]]] to persona id 3
2016-03-03 10:18:35.741 [main] DEBUG a00892244.Gis - New Score [personaId=2, gameId=CODE, win=WIN]
2016-03-03 10:18:35.741 [main] DEBUG a00892244.Gis - Added Game Game [id=CODE, name=Colour Demon, producer=1:1, scores=[Score [personaId=2, gameId=CODE, win=WIN], Score [personaId=2, gameId=CODE, win=WIN]]] to persona id 2
2016-03-03 10:18:35.741 [main] DEBUG a00892244.Gis - New Score [personaId=5, gameId=CODE, win=WIN]
2016-03-03 10:18:35.744 [main] DEBUG a00892244.Gis - Added Game Game [id=CODE, name=Colour Demon, producer=2:1, scores=[Score [personaId=5, gameId=CODE, win=LOSE], Score [personaId=5, gameId=CODE, win=WIN]]] to persona id 5
2016-03-03 10:18:35.751 [main] DEBUG a00892244.Gis - New Score [personaId=8, gameId=NUPI, win=LOSE]
2016-03-03 10:18:35.751 [main] DEBUG a00892244.Gis - Added Game Game [id=NUPI, name=Number Picker, producer=2:1, scores=[Score [personaId=8, gameId=NUPI, win=LOSE], Score [personaId=8, gameId=NUPI, win=LOSE]]] to persona id 8
2016-03-03 10:18:35.752 [main] DEBUG a00892244.Gis - New Score [personaId=11, gameId=NUPI, win=LOSE]
2016-03-03 10:18:35.752 [main] DEBUG a00892244.Gis - Added Game Game [id=NUPI, name=Number Picker, producer=0:0, scores=[Score [personaId=11, gameId=NUPI, win=WIN], Score [personaId=11, gameId=NUPI, win=LOSE]]] to persona id 11
2016-03-03 10:18:35.752 [main] DEBUG a00892244.Gis - New Score [personaId=8, gameId=CODE, win=LOSE]
2016-03-03 10:18:35.752 [main] DEBUG a00892244.Gis - Added Game Game [id=CODE, name=Colour Demon, producer=4:2, scores=[Score [personaId=8, gameId=CODE, win=LOSE]]] to persona id 8
2016-03-03 10:18:35.752 [main] DEBUG a00892244.Gis - New Score [personaId=3, gameId=QUFI, win=LOSE]
2016-03-03 10:18:35.753 [main] DEBUG a00892244.Gis - Added Game Game [id=QUFI, name=Quick Fingers, producer=1:2, scores=[Score [personaId=3, gameId=QUFI, win=WIN], Score [personaId=3, gameId=QUFI, win=WIN], Score [personaId=3, gameId=QUFI, win=LOSE]]] to persona id 3
2016-03-03 10:18:35.753 [main] INFO  a00892244.Gis - Reading from players.dat
2016-03-03 10:18:35.795 [main] DEBUG a00892244.Gis - New Player [identifier=1, firstName=Fred, lastName=Fish, emailAddress=fredfish@gamer.net, birthdate=1977-03-22, personas={}]
2016-03-03 10:18:35.796 [main] DEBUG a00892244.Gis - New Player [identifier=2, firstName=Laurie, lastName=Nash, emailAddress=laurieeenash@gmail.com, birthdate=1982-08-28, personas={}]
2016-03-03 10:18:35.797 [main] DEBUG a00892244.Gis - New Player [identifier=3, firstName=Conrad, lastName=Washington, emailAddress=fredfish@gamer.net, birthdate=1972-07-12, personas={}]
2016-03-03 10:18:35.798 [main] DEBUG a00892244.Gis - New Player [identifier=4, firstName=Jeanette, lastName=Price, emailAddress=priceizrite@hotmail.com, birthdate=2001-10-03, personas={}]
2016-03-03 10:18:35.806 [main] DEBUG a00892244.Gis - New Player [identifier=5, firstName=Mark, lastName=Chan, emailAddress=mchan@oneminutemail.com, birthdate=1995-04-01, personas={}]
2016-03-03 10:18:35.807 [main] DEBUG a00892244.Gis - {1=Player [identifier=1, firstName=Fred, lastName=Fish, emailAddress=fredfish@gamer.net, birthdate=1977-03-22, personas={}], 2=Player [identifier=2, firstName=Laurie, lastName=Nash, emailAddress=laurieeenash@gmail.com, birthdate=1982-08-28, personas={}], 3=Player [identifier=3, firstName=Conrad, lastName=Washington, emailAddress=fredfish@gamer.net, birthdate=1972-07-12, personas={}], 4=Player [identifier=4, firstName=Jeanette, lastName=Price, emailAddress=priceizrite@hotmail.com, birthdate=2001-10-03, personas={}], 5=Player [identifier=5, firstName=Mark, lastName=Chan, emailAddress=mchan@oneminutemail.com, birthdate=1995-04-01, personas={}]}
2016-03-03 10:18:35.808 [main] INFO  a00892244.Gis - Assigning personas to players
2016-03-03 10:18:35.808 [main] DEBUG a00892244.Gis - Added Persona Persona [id=1, playerId=1, gamerTag=Ithroeann, platform=IO, games={QUFI=Game [id=QUFI, name=Quick Fingers, producer=1:1, scores=[Score [personaId=1, gameId=QUFI, win=LOSE], Score [personaId=1, gameId=QUFI, win=WIN]]]}] to player id 1
2016-03-03 10:18:35.809 [main] DEBUG a00892244.Gis - Added Persona Persona [id=2, playerId=1, gamerTag=Cirronith, platform=PS, games={CODE=Game [id=CODE, name=Colour Demon, producer=1:1, scores=[Score [personaId=2, gameId=CODE, win=WIN], Score [personaId=2, gameId=CODE, win=WIN]]]}] to player id 1
2016-03-03 10:18:35.810 [main] DEBUG a00892244.Gis - Added Persona Persona [id=3, playerId=1, gamerTag=Deathstar, platform=IO, games={QUFI=Game [id=QUFI, name=Quick Fingers, producer=1:2, scores=[Score [personaId=3, gameId=QUFI, win=WIN], Score [personaId=3, gameId=QUFI, win=WIN], Score [personaId=3, gameId=QUFI, win=LOSE]]]}] to player id 1
2016-03-03 10:18:35.810 [main] DEBUG a00892244.Gis - Added Persona Persona [id=4, playerId=2, gamerTag=Mazzzap, platform=AN, games={QUFI=Game [id=QUFI, name=Quick Fingers, producer=2:3, scores=[Score [personaId=4, gameId=QUFI, win=WIN]]], CODE=Game [id=CODE, name=Colour Demon, producer=0:0, scores=[Score [personaId=4, gameId=CODE, win=LOSE]]], NUPI=Game [id=NUPI, name=Number Picker, producer=1:0, scores=[Score [personaId=4, gameId=NUPI, win=LOSE]]]}] to player id 2
2016-03-03 10:18:35.811 [main] DEBUG a00892244.Gis - Added Persona Persona [id=5, playerId=2, gamerTag=Redstripe, platform=PC, games={QUFI=Game [id=QUFI, name=Quick Fingers, producer=0:1, scores=[Score [personaId=5, gameId=QUFI, win=WIN]]], CODE=Game [id=CODE, name=Colour Demon, producer=2:1, scores=[Score [personaId=5, gameId=CODE, win=LOSE], Score [personaId=5, gameId=CODE, win=WIN]]], NUPI=Game [id=NUPI, name=Number Picker, producer=3:2, scores=[Score [personaId=5, gameId=NUPI, win=WIN]]]}] to player id 2
2016-03-03 10:18:35.811 [main] DEBUG a00892244.Gis - Added Persona Persona [id=6, playerId=3, gamerTag=Crayonbreath, platform=PS, games={QUFI=Game [id=QUFI, name=Quick Fingers, producer=4:3, scores=[Score [personaId=6, gameId=QUFI, win=WIN]]]}] to player id 3
2016-03-03 10:18:35.812 [main] DEBUG a00892244.Gis - Added Persona Persona [id=7, playerId=4, gamerTag=Quinesia, platform=XB, games={CODE=Game [id=CODE, name=Colour Demon, producer=0:1, scores=[Score [personaId=7, gameId=CODE, win=WIN]]], NUPI=Game [id=NUPI, name=Number Picker, producer=2:2, scores=[Score [personaId=7, gameId=NUPI, win=WIN]]]}] to player id 4
2016-03-03 10:18:35.813 [main] DEBUG a00892244.Gis - Added Persona Persona [id=8, playerId=4, gamerTag=VolcanoBrawler, platform=PC, games={QUFI=Game [id=QUFI, name=Quick Fingers, producer=0:0, scores=[Score [personaId=8, gameId=QUFI, win=LOSE]]], CODE=Game [id=CODE, name=Colour Demon, producer=4:2, scores=[Score [personaId=8, gameId=CODE, win=LOSE]]], NUPI=Game [id=NUPI, name=Number Picker, producer=2:1, scores=[Score [personaId=8, gameId=NUPI, win=LOSE], Score [personaId=8, gameId=NUPI, win=LOSE]]]}] to player id 4
2016-03-03 10:18:35.815 [main] DEBUG a00892244.Gis - Added Persona Persona [id=9, playerId=5, gamerTag=CastleRock, platform=XB, games={QUFI=Game [id=QUFI, name=Quick Fingers, producer=2:2, scores=[Score [personaId=9, gameId=QUFI, win=LOSE]]]}] to player id 5
2016-03-03 10:18:35.815 [main] DEBUG a00892244.Gis - Added Persona Persona [id=10, playerId=5, gamerTag=TorpedoBear, platform=PC, games={NUPI=Game [id=NUPI, name=Number Picker, producer=1:1, scores=[Score [personaId=10, gameId=NUPI, win=WIN]]]}] to player id 5
2016-03-03 10:18:35.815 [main] DEBUG a00892244.Gis - Added Persona Persona [id=11, playerId=5, gamerTag=GreenPanda, platform=AN, games={NUPI=Game [id=NUPI, name=Number Picker, producer=0:0, scores=[Score [personaId=11, gameId=NUPI, win=WIN], Score [personaId=11, gameId=NUPI, win=LOSE]]]}] to player id 5
2016-03-03 10:18:35.816 [main] DEBUG a00892244.Gis - {1=Player [identifier=1, firstName=Fred, lastName=Fish, emailAddress=fredfish@gamer.net, birthdate=1977-03-22, personas={1=Persona [id=1, playerId=1, gamerTag=Ithroeann, platform=IO, games={QUFI=Game [id=QUFI, name=Quick Fingers, producer=1:1, scores=[Score [personaId=1, gameId=QUFI, win=LOSE], Score [personaId=1, gameId=QUFI, win=WIN]]]}], 2=Persona [id=2, playerId=1, gamerTag=Cirronith, platform=PS, games={CODE=Game [id=CODE, name=Colour Demon, producer=1:1, scores=[Score [personaId=2, gameId=CODE, win=WIN], Score [personaId=2, gameId=CODE, win=WIN]]]}], 3=Persona [id=3, playerId=1, gamerTag=Deathstar, platform=IO, games={QUFI=Game [id=QUFI, name=Quick Fingers, producer=1:2, scores=[Score [personaId=3, gameId=QUFI, win=WIN], Score [personaId=3, gameId=QUFI, win=WIN], Score [personaId=3, gameId=QUFI, win=LOSE]]]}]}], 2=Player [identifier=2, firstName=Laurie, lastName=Nash, emailAddress=laurieeenash@gmail.com, birthdate=1982-08-28, personas={4=Persona [id=4, playerId=2, gamerTag=Mazzzap, platform=AN, games={QUFI=Game [id=QUFI, name=Quick Fingers, producer=2:3, scores=[Score [personaId=4, gameId=QUFI, win=WIN]]], CODE=Game [id=CODE, name=Colour Demon, producer=0:0, scores=[Score [personaId=4, gameId=CODE, win=LOSE]]], NUPI=Game [id=NUPI, name=Number Picker, producer=1:0, scores=[Score [personaId=4, gameId=NUPI, win=LOSE]]]}], 5=Persona [id=5, playerId=2, gamerTag=Redstripe, platform=PC, games={QUFI=Game [id=QUFI, name=Quick Fingers, producer=0:1, scores=[Score [personaId=5, gameId=QUFI, win=WIN]]], CODE=Game [id=CODE, name=Colour Demon, producer=2:1, scores=[Score [personaId=5, gameId=CODE, win=LOSE], Score [personaId=5, gameId=CODE, win=WIN]]], NUPI=Game [id=NUPI, name=Number Picker, producer=3:2, scores=[Score [personaId=5, gameId=NUPI, win=WIN]]]}]}], 3=Player [identifier=3, firstName=Conrad, lastName=Washington, emailAddress=fredfish@gamer.net, birthdate=1972-07-12, personas={6=Persona [id=6, playerId=3, gamerTag=Crayonbreath, platform=PS, games={QUFI=Game [id=QUFI, name=Quick Fingers, producer=4:3, scores=[Score [personaId=6, gameId=QUFI, win=WIN]]]}]}], 4=Player [identifier=4, firstName=Jeanette, lastName=Price, emailAddress=priceizrite@hotmail.com, birthdate=2001-10-03, personas={7=Persona [id=7, playerId=4, gamerTag=Quinesia, platform=XB, games={CODE=Game [id=CODE, name=Colour Demon, producer=0:1, scores=[Score [personaId=7, gameId=CODE, win=WIN]]], NUPI=Game [id=NUPI, name=Number Picker, producer=2:2, scores=[Score [personaId=7, gameId=NUPI, win=WIN]]]}], 8=Persona [id=8, playerId=4, gamerTag=VolcanoBrawler, platform=PC, games={QUFI=Game [id=QUFI, name=Quick Fingers, producer=0:0, scores=[Score [personaId=8, gameId=QUFI, win=LOSE]]], CODE=Game [id=CODE, name=Colour Demon, producer=4:2, scores=[Score [personaId=8, gameId=CODE, win=LOSE]]], NUPI=Game [id=NUPI, name=Number Picker, producer=2:1, scores=[Score [personaId=8, gameId=NUPI, win=LOSE], Score [personaId=8, gameId=NUPI, win=LOSE]]]}]}], 5=Player [identifier=5, firstName=Mark, lastName=Chan, emailAddress=mchan@oneminutemail.com, birthdate=1995-04-01, personas={9=Persona [id=9, playerId=5, gamerTag=CastleRock, platform=XB, games={QUFI=Game [id=QUFI, name=Quick Fingers, producer=2:2, scores=[Score [personaId=9, gameId=QUFI, win=LOSE]]]}], 10=Persona [id=10, playerId=5, gamerTag=TorpedoBear, platform=PC, games={NUPI=Game [id=NUPI, name=Number Picker, producer=1:1, scores=[Score [personaId=10, gameId=NUPI, win=WIN]]]}], 11=Persona [id=11, playerId=5, gamerTag=GreenPanda, platform=AN, games={NUPI=Game [id=NUPI, name=Number Picker, producer=0:0, scores=[Score [personaId=11, gameId=NUPI, win=WIN], Score [personaId=11, gameId=NUPI, win=LOSE]]]}]}]}
2016-03-03 10:18:35.816 [main] INFO  a00892244.Gis - Writing report
2016-03-03 10:18:35.821 [main] INFO  a00892244.Gis - Validating arguments [by_count, desc, platform=IO, total]
2016-03-03 10:18:35.827 [main] INFO  a00892244.Gis - 
----------------------------------------------------------
Win:Loss   Game Name            Gamertag        Platform
----------------------------------------------------------
2:1        Quick Fingers        Deathstar           IO                            
1:1        Quick Fingers        Ithroeann           IO                            
----------------------------------------------------------
Quick Fingers       5
----------------------------------------------------------

2016-03-03 10:18:35.829 [main] INFO  a00892244.Gis - Exiting.  Duration: 422 ms

2016-03-03 15:43:08.164 [main] DEBUG a00892244.database.Database - Loading database properties from db.properties
2016-03-03 15:43:08.940 [main] INFO  a00892244.database.PlayerDaoTester - drop the tables if they exist
2016-03-03 15:43:09.338 [main] INFO  a00892244.database.PlayerDaoTester - create the tables
2016-03-03 15:43:09.398 [main] INFO  a00892244.database.PlayerDaoTester - Reading from players.dat
2016-03-03 15:43:09.914 [main] INFO  a00892244.database.PlayerDaoTester - testing selectAll()
2016-03-03 15:43:10.010 [main] INFO  a00892244.database.PlayerDaoTester - [Player [identifier=1, firstName=Fred, lastName=Fish, emailAddress=fredfish@gamer.net, birthdate=1977-03-22, personas={}], Player [identifier=2, firstName=Laurie, lastName=Nash, emailAddress=laurieeenash@gmail.com, birthdate=1982-08-28, personas={}], Player [identifier=3, firstName=Conrad, lastName=Washington, emailAddress=fredfish@gamer.net, birthdate=1972-07-12, personas={}], Player [identifier=4, firstName=Jeanette, lastName=Price, emailAddress=priceizrite@hotmail.com, birthdate=2001-10-03, personas={}], Player [identifier=5, firstName=Mark, lastName=Chan, emailAddress=mchan@oneminutemail.com, birthdate=1995-04-01, personas={}]]
2016-03-03 15:43:10.013 [main] INFO  a00892244.database.PlayerDaoTester - testing delete()
2016-03-03 15:43:10.015 [main] INFO  a00892244.database.PlayerDaoTester - [Player [identifier=1, firstName=Fred, lastName=Fish, emailAddress=fredfish@gamer.net, birthdate=1977-03-22, personas={}], Player [identifier=2, firstName=Laurie, lastName=Nash, emailAddress=laurieeenash@gmail.com, birthdate=1982-08-28, personas={}], Player [identifier=3, firstName=Conrad, lastName=Washington, emailAddress=fredfish@gamer.net, birthdate=1972-07-12, personas={}], Player [identifier=4, firstName=Jeanette, lastName=Price, emailAddress=priceizrite@hotmail.com, birthdate=2001-10-03, personas={}], Player [identifier=5, firstName=Mark, lastName=Chan, emailAddress=mchan@oneminutemail.com, birthdate=1995-04-01, personas={}]]
2016-03-03 15:43:10.016 [main] INFO  a00892244.database.PlayerDaoTester - Deleting 1
2016-03-03 15:43:10.075 [main] INFO  a00892244.database.PlayerDaoTester - [Player [identifier=1, firstName=Fred, lastName=Fish, emailAddress=fredfish@gamer.net, birthdate=1977-03-22, personas={}], Player [identifier=2, firstName=Laurie, lastName=Nash, emailAddress=laurieeenash@gmail.com, birthdate=1982-08-28, personas={}], Player [identifier=3, firstName=Conrad, lastName=Washington, emailAddress=fredfish@gamer.net, birthdate=1972-07-12, personas={}], Player [identifier=4, firstName=Jeanette, lastName=Price, emailAddress=priceizrite@hotmail.com, birthdate=2001-10-03, personas={}], Player [identifier=5, firstName=Mark, lastName=Chan, emailAddress=mchan@oneminutemail.com, birthdate=1995-04-01, personas={}]]
2016-03-03 15:43:10.080 [main] INFO  a00892244.database.PlayerDaoTester - getting player ID=1
2016-03-03 15:43:10.114 [main] INFO  a00892244.database.PlayerDaoTester - []
2016-03-03 15:43:10.116 [main] INFO  a00892244.database.PlayerDaoTester - testing update()
2016-03-03 15:43:10.116 [main] INFO  a00892244.database.PlayerDaoTester - getting player 3
2016-03-03 15:43:10.148 [main] INFO  a00892244.database.PlayerDaoTester - [Player [identifier=3, firstName=Conrad, lastName=Washington, emailAddress=fredfish@gamer.net, birthdate=1972-07-12, personas={}]]
2016-03-03 15:43:10.149 [main] INFO  a00892244.database.PlayerDaoTester - updating player 3
2016-03-03 15:43:10.322 [main] INFO  a00892244.database.PlayerDaoTester - [Player [identifier=3, firstName=NewTestName, lastName=asdf, emailAddress=asdf@asdf.asdf, birthdate=2112-01-01, personas={}]]
2016-03-03 15:43:18.211 [main] DEBUG a00892244.database.Database - Loading database properties from db.properties
2016-03-03 15:43:18.898 [main] INFO  a00892244.database.PlayerDaoTester - drop the tables if they exist
2016-03-03 15:43:19.311 [main] INFO  a00892244.database.PlayerDaoTester - create the tables
2016-03-03 15:43:19.382 [main] INFO  a00892244.database.PlayerDaoTester - Reading from players.dat
2016-03-03 15:43:19.708 [main] INFO  a00892244.database.PlayerDaoTester - testing selectAll()
2016-03-03 15:43:19.743 [main] INFO  a00892244.database.PlayerDaoTester - [Player [identifier=1, firstName=Fred, lastName=Fish, emailAddress=fredfish@gamer.net, birthdate=1977-03-22, personas={}], Player [identifier=2, firstName=Laurie, lastName=Nash, emailAddress=laurieeenash@gmail.com, birthdate=1982-08-28, personas={}], Player [identifier=3, firstName=Conrad, lastName=Washington, emailAddress=fredfish@gamer.net, birthdate=1972-07-12, personas={}], Player [identifier=4, firstName=Jeanette, lastName=Price, emailAddress=priceizrite@hotmail.com, birthdate=2001-10-03, personas={}], Player [identifier=5, firstName=Mark, lastName=Chan, emailAddress=mchan@oneminutemail.com, birthdate=1995-04-01, personas={}]]
2016-03-03 15:43:19.744 [main] INFO  a00892244.database.PlayerDaoTester - testing delete()
2016-03-03 15:43:19.746 [main] INFO  a00892244.database.PlayerDaoTester - [Player [identifier=1, firstName=Fred, lastName=Fish, emailAddress=fredfish@gamer.net, birthdate=1977-03-22, personas={}], Player [identifier=2, firstName=Laurie, lastName=Nash, emailAddress=laurieeenash@gmail.com, birthdate=1982-08-28, personas={}], Player [identifier=3, firstName=Conrad, lastName=Washington, emailAddress=fredfish@gamer.net, birthdate=1972-07-12, personas={}], Player [identifier=4, firstName=Jeanette, lastName=Price, emailAddress=priceizrite@hotmail.com, birthdate=2001-10-03, personas={}], Player [identifier=5, firstName=Mark, lastName=Chan, emailAddress=mchan@oneminutemail.com, birthdate=1995-04-01, personas={}]]
2016-03-03 15:43:19.746 [main] INFO  a00892244.database.PlayerDaoTester - Deleting 1
2016-03-03 15:43:19.783 [main] INFO  a00892244.database.PlayerDaoTester - [Player [identifier=1, firstName=Fred, lastName=Fish, emailAddress=fredfish@gamer.net, birthdate=1977-03-22, personas={}], Player [identifier=2, firstName=Laurie, lastName=Nash, emailAddress=laurieeenash@gmail.com, birthdate=1982-08-28, personas={}], Player [identifier=3, firstName=Conrad, lastName=Washington, emailAddress=fredfish@gamer.net, birthdate=1972-07-12, personas={}], Player [identifier=4, firstName=Jeanette, lastName=Price, emailAddress=priceizrite@hotmail.com, birthdate=2001-10-03, personas={}], Player [identifier=5, firstName=Mark, lastName=Chan, emailAddress=mchan@oneminutemail.com, birthdate=1995-04-01, personas={}]]
2016-03-03 15:43:19.784 [main] INFO  a00892244.database.PlayerDaoTester - getting player ID=1
2016-03-03 15:43:19.799 [main] INFO  a00892244.database.PlayerDaoTester - []
2016-03-03 15:43:19.800 [main] INFO  a00892244.database.PlayerDaoTester - testing update()
2016-03-03 15:43:19.800 [main] INFO  a00892244.database.PlayerDaoTester - getting player 3
2016-03-03 15:43:19.812 [main] INFO  a00892244.database.PlayerDaoTester - [Player [identifier=3, firstName=Conrad, lastName=Washington, emailAddress=fredfish@gamer.net, birthdate=1972-07-12, personas={}]]
2016-03-03 15:43:19.813 [main] INFO  a00892244.database.PlayerDaoTester - updating player 3
2016-03-03 15:43:20.039 [main] INFO  a00892244.database.PlayerDaoTester - [Player [identifier=3, firstName=NewTestName, lastName=asdf, emailAddress=asdf@asdf.asdf, birthdate=2112-01-01, personas={}]]
2016-03-03 16:18:09.171 [main] INFO  a00892244.Gis - Starting program
2016-03-03 16:18:09.185 [main] INFO  a00892244.Gis - program arguments: [by_count, desc, platform=IO, total]
2016-03-03 16:18:09.186 [main] INFO  a00892244.Gis - Reading data
2016-03-03 16:18:09.186 [main] INFO  a00892244.Gis - Reading from personas.dat
2016-03-03 16:18:09.200 [main] DEBUG a00892244.Gis - New :  Persona [id=1, playerId=1, gamerTag=Ithroeann, platform=IO, games={}]
2016-03-03 16:18:09.200 [main] DEBUG a00892244.Gis - New :  Persona [id=2, playerId=1, gamerTag=Cirronith, platform=PS, games={}]
2016-03-03 16:18:09.200 [main] DEBUG a00892244.Gis - New :  Persona [id=3, playerId=1, gamerTag=Deathstar, platform=IO, games={}]
2016-03-03 16:18:09.201 [main] DEBUG a00892244.Gis - New :  Persona [id=4, playerId=2, gamerTag=Mazzzap, platform=AN, games={}]
2016-03-03 16:18:09.201 [main] DEBUG a00892244.Gis - New :  Persona [id=5, playerId=2, gamerTag=Redstripe, platform=PC, games={}]
2016-03-03 16:18:09.201 [main] DEBUG a00892244.Gis - New :  Persona [id=6, playerId=3, gamerTag=Crayonbreath, platform=PS, games={}]
2016-03-03 16:18:09.201 [main] DEBUG a00892244.Gis - New :  Persona [id=7, playerId=4, gamerTag=Quinesia, platform=XB, games={}]
2016-03-03 16:18:09.201 [main] DEBUG a00892244.Gis - New :  Persona [id=8, playerId=4, gamerTag=VolcanoBrawler, platform=PC, games={}]
2016-03-03 16:18:09.201 [main] DEBUG a00892244.Gis - New :  Persona [id=9, playerId=5, gamerTag=CastleRock, platform=XB, games={}]
2016-03-03 16:18:09.201 [main] DEBUG a00892244.Gis - New :  Persona [id=10, playerId=5, gamerTag=TorpedoBear, platform=PC, games={}]
2016-03-03 16:18:09.202 [main] DEBUG a00892244.Gis - New :  Persona [id=11, playerId=5, gamerTag=GreenPanda, platform=AN, games={}]
2016-03-03 16:18:09.202 [main] DEBUG a00892244.Gis - {1=Persona [id=1, playerId=1, gamerTag=Ithroeann, platform=IO, games={}], 2=Persona [id=2, playerId=1, gamerTag=Cirronith, platform=PS, games={}], 3=Persona [id=3, playerId=1, gamerTag=Deathstar, platform=IO, games={}], 4=Persona [id=4, playerId=2, gamerTag=Mazzzap, platform=AN, games={}], 5=Persona [id=5, playerId=2, gamerTag=Redstripe, platform=PC, games={}], 6=Persona [id=6, playerId=3, gamerTag=Crayonbreath, platform=PS, games={}], 7=Persona [id=7, playerId=4, gamerTag=Quinesia, platform=XB, games={}], 8=Persona [id=8, playerId=4, gamerTag=VolcanoBrawler, platform=PC, games={}], 9=Persona [id=9, playerId=5, gamerTag=CastleRock, platform=XB, games={}], 10=Persona [id=10, playerId=5, gamerTag=TorpedoBear, platform=PC, games={}], 11=Persona [id=11, playerId=5, gamerTag=GreenPanda, platform=AN, games={}]}
2016-03-03 16:18:09.202 [main] INFO  a00892244.Gis - Reading from games.dat
2016-03-03 16:18:09.240 [main] DEBUG a00892244.Gis - New Game [id=CODE, name=Colour Demon, producer=Magenta Boxer, scores=[]]
2016-03-03 16:18:09.240 [main] DEBUG a00892244.Gis - New Game [id=NUPI, name=Number Picker, producer=Random Numburrs, scores=[]]
2016-03-03 16:18:09.241 [main] DEBUG a00892244.Gis - New Game [id=QUFI, name=Quick Fingers, producer=Digitology, scores=[]]
2016-03-03 16:18:09.241 [main] DEBUG a00892244.Gis - {QUFI=Game [id=QUFI, name=Quick Fingers, producer=Digitology, scores=[]], CODE=Game [id=CODE, name=Colour Demon, producer=Magenta Boxer, scores=[]], NUPI=Game [id=NUPI, name=Number Picker, producer=Random Numburrs, scores=[]]}
2016-03-03 16:18:09.241 [main] INFO  a00892244.Gis - Reading from scores.dat
2016-03-03 16:18:09.279 [main] DEBUG a00892244.Gis - New Score [personaId=11, gameId=NUPI, win=WIN]
2016-03-03 16:18:09.279 [main] DEBUG a00892244.Gis - Added Game Game [id=NUPI, name=Number Picker, producer=0:0, scores=[Score [personaId=11, gameId=NUPI, win=WIN]]] to persona id 11
2016-03-03 16:18:09.280 [main] DEBUG a00892244.Gis - New Score [personaId=8, gameId=QUFI, win=LOSE]
2016-03-03 16:18:09.280 [main] DEBUG a00892244.Gis - Added Game Game [id=QUFI, name=Quick Fingers, producer=0:0, scores=[Score [personaId=8, gameId=QUFI, win=LOSE]]] to persona id 8
2016-03-03 16:18:09.280 [main] DEBUG a00892244.Gis - New Score [personaId=4, gameId=CODE, win=LOSE]
2016-03-03 16:18:09.280 [main] DEBUG a00892244.Gis - Added Game Game [id=CODE, name=Colour Demon, producer=0:0, scores=[Score [personaId=4, gameId=CODE, win=LOSE]]] to persona id 4
2016-03-03 16:18:09.281 [main] DEBUG a00892244.Gis - New Score [personaId=5, gameId=QUFI, win=WIN]
2016-03-03 16:18:09.281 [main] DEBUG a00892244.Gis - Added Game Game [id=QUFI, name=Quick Fingers, producer=0:1, scores=[Score [personaId=5, gameId=QUFI, win=WIN]]] to persona id 5
2016-03-03 16:18:09.281 [main] DEBUG a00892244.Gis - New Score [personaId=1, gameId=QUFI, win=LOSE]
2016-03-03 16:18:09.281 [main] DEBUG a00892244.Gis - Added Game Game [id=QUFI, name=Quick Fingers, producer=1:1, scores=[Score [personaId=1, gameId=QUFI, win=LOSE]]] to persona id 1
2016-03-03 16:18:09.281 [main] DEBUG a00892244.Gis - New Score [personaId=3, gameId=QUFI, win=WIN]
2016-03-03 16:18:09.282 [main] DEBUG a00892244.Gis - Added Game Game [id=QUFI, name=Quick Fingers, producer=1:2, scores=[Score [personaId=3, gameId=QUFI, win=WIN]]] to persona id 3
2016-03-03 16:18:09.282 [main] DEBUG a00892244.Gis - New Score [personaId=7, gameId=CODE, win=WIN]
2016-03-03 16:18:09.282 [main] DEBUG a00892244.Gis - Added Game Game [id=CODE, name=Colour Demon, producer=0:1, scores=[Score [personaId=7, gameId=CODE, win=WIN]]] to persona id 7
2016-03-03 16:18:09.284 [main] DEBUG a00892244.Gis - New Score [personaId=2, gameId=CODE, win=WIN]
2016-03-03 16:18:09.284 [main] DEBUG a00892244.Gis - Added Game Game [id=CODE, name=Colour Demon, producer=1:1, scores=[Score [personaId=2, gameId=CODE, win=WIN]]] to persona id 2
2016-03-03 16:18:09.284 [main] DEBUG a00892244.Gis - New Score [personaId=4, gameId=NUPI, win=LOSE]
2016-03-03 16:18:09.285 [main] DEBUG a00892244.Gis - Added Game Game [id=NUPI, name=Number Picker, producer=1:0, scores=[Score [personaId=4, gameId=NUPI, win=LOSE]]] to persona id 4
2016-03-03 16:18:09.285 [main] DEBUG a00892244.Gis - New Score [personaId=10, gameId=NUPI, win=WIN]
2016-03-03 16:18:09.285 [main] DEBUG a00892244.Gis - Added Game Game [id=NUPI, name=Number Picker, producer=1:1, scores=[Score [personaId=10, gameId=NUPI, win=WIN]]] to persona id 10
2016-03-03 16:18:09.285 [main] DEBUG a00892244.Gis - New Score [personaId=9, gameId=QUFI, win=LOSE]
2016-03-03 16:18:09.285 [main] DEBUG a00892244.Gis - Added Game Game [id=QUFI, name=Quick Fingers, producer=2:2, scores=[Score [personaId=9, gameId=QUFI, win=LOSE]]] to persona id 9
2016-03-03 16:18:09.285 [main] DEBUG a00892244.Gis - New Score [personaId=4, gameId=QUFI, win=WIN]
2016-03-03 16:18:09.286 [main] DEBUG a00892244.Gis - Added Game Game [id=QUFI, name=Quick Fingers, producer=2:3, scores=[Score [personaId=4, gameId=QUFI, win=WIN]]] to persona id 4
2016-03-03 16:18:09.286 [main] DEBUG a00892244.Gis - New Score [personaId=5, gameId=CODE, win=LOSE]
2016-03-03 16:18:09.286 [main] DEBUG a00892244.Gis - Added Game Game [id=CODE, name=Colour Demon, producer=2:1, scores=[Score [personaId=5, gameId=CODE, win=LOSE]]] to persona id 5
2016-03-03 16:18:09.286 [main] DEBUG a00892244.Gis - New Score [personaId=1, gameId=QUFI, win=WIN]
2016-03-03 16:18:09.286 [main] DEBUG a00892244.Gis - Added Game Game [id=QUFI, name=Quick Fingers, producer=1:1, scores=[Score [personaId=1, gameId=QUFI, win=LOSE], Score [personaId=1, gameId=QUFI, win=WIN]]] to persona id 1
2016-03-03 16:18:09.287 [main] DEBUG a00892244.Gis - New Score [personaId=6, gameId=QUFI, win=WIN]
2016-03-03 16:18:09.287 [main] DEBUG a00892244.Gis - Added Game Game [id=QUFI, name=Quick Fingers, producer=4:3, scores=[Score [personaId=6, gameId=QUFI, win=WIN]]] to persona id 6
2016-03-03 16:18:09.287 [main] DEBUG a00892244.Gis - New Score [personaId=8, gameId=NUPI, win=LOSE]
2016-03-03 16:18:09.287 [main] DEBUG a00892244.Gis - Added Game Game [id=NUPI, name=Number Picker, producer=2:1, scores=[Score [personaId=8, gameId=NUPI, win=LOSE]]] to persona id 8
2016-03-03 16:18:09.287 [main] DEBUG a00892244.Gis - New Score [personaId=7, gameId=NUPI, win=WIN]
2016-03-03 16:18:09.288 [main] DEBUG a00892244.Gis - Added Game Game [id=NUPI, name=Number Picker, producer=2:2, scores=[Score [personaId=7, gameId=NUPI, win=WIN]]] to persona id 7
2016-03-03 16:18:09.288 [main] DEBUG a00892244.Gis - New Score [personaId=5, gameId=NUPI, win=WIN]
2016-03-03 16:18:09.289 [main] DEBUG a00892244.Gis - Added Game Game [id=NUPI, name=Number Picker, producer=3:2, scores=[Score [personaId=5, gameId=NUPI, win=WIN]]] to persona id 5
2016-03-03 16:18:09.289 [main] DEBUG a00892244.Gis - New Score [personaId=3, gameId=QUFI, win=WIN]
2016-03-03 16:18:09.290 [main] DEBUG a00892244.Gis - Added Game Game [id=QUFI, name=Quick Fingers, producer=1:2, scores=[Score [personaId=3, gameId=QUFI, win=WIN], Score [personaId=3, gameId=QUFI, win=WIN]]] to persona id 3
2016-03-03 16:18:09.290 [main] DEBUG a00892244.Gis - New Score [personaId=2, gameId=CODE, win=WIN]
2016-03-03 16:18:09.290 [main] DEBUG a00892244.Gis - Added Game Game [id=CODE, name=Colour Demon, producer=1:1, scores=[Score [personaId=2, gameId=CODE, win=WIN], Score [personaId=2, gameId=CODE, win=WIN]]] to persona id 2
2016-03-03 16:18:09.290 [main] DEBUG a00892244.Gis - New Score [personaId=5, gameId=CODE, win=WIN]
2016-03-03 16:18:09.290 [main] DEBUG a00892244.Gis - Added Game Game [id=CODE, name=Colour Demon, producer=2:1, scores=[Score [personaId=5, gameId=CODE, win=LOSE], Score [personaId=5, gameId=CODE, win=WIN]]] to persona id 5
2016-03-03 16:18:09.290 [main] DEBUG a00892244.Gis - New Score [personaId=8, gameId=NUPI, win=LOSE]
2016-03-03 16:18:09.291 [main] DEBUG a00892244.Gis - Added Game Game [id=NUPI, name=Number Picker, producer=2:1, scores=[Score [personaId=8, gameId=NUPI, win=LOSE], Score [personaId=8, gameId=NUPI, win=LOSE]]] to persona id 8
2016-03-03 16:18:09.291 [main] DEBUG a00892244.Gis - New Score [personaId=11, gameId=NUPI, win=LOSE]
2016-03-03 16:18:09.291 [main] DEBUG a00892244.Gis - Added Game Game [id=NUPI, name=Number Picker, producer=0:0, scores=[Score [personaId=11, gameId=NUPI, win=WIN], Score [personaId=11, gameId=NUPI, win=LOSE]]] to persona id 11
2016-03-03 16:18:09.291 [main] DEBUG a00892244.Gis - New Score [personaId=8, gameId=CODE, win=LOSE]
2016-03-03 16:18:09.291 [main] DEBUG a00892244.Gis - Added Game Game [id=CODE, name=Colour Demon, producer=4:2, scores=[Score [personaId=8, gameId=CODE, win=LOSE]]] to persona id 8
2016-03-03 16:18:09.291 [main] DEBUG a00892244.Gis - New Score [personaId=3, gameId=QUFI, win=LOSE]
2016-03-03 16:18:09.291 [main] DEBUG a00892244.Gis - Added Game Game [id=QUFI, name=Quick Fingers, producer=1:2, scores=[Score [personaId=3, gameId=QUFI, win=WIN], Score [personaId=3, gameId=QUFI, win=WIN], Score [personaId=3, gameId=QUFI, win=LOSE]]] to persona id 3
2016-03-03 16:18:09.292 [main] INFO  a00892244.Gis - Reading from players.dat
2016-03-03 16:18:09.312 [main] DEBUG a00892244.database.Database - Loading database properties from db.properties
2016-03-03 16:18:10.619 [main] INFO  a00892244.Gis - drop the tables if they exist
2016-03-03 16:18:11.160 [main] INFO  a00892244.Gis - create the tables
2016-03-03 16:18:11.324 [main] INFO  a00892244.Gis - Reading from players.dat
2016-03-03 16:18:11.619 [main] DEBUG a00892244.Gis - {}
2016-03-03 16:18:11.619 [main] INFO  a00892244.Gis - Assigning personas to players
2016-03-03 16:18:11.651 [main] ERROR a00892244.Gis - a00892244.utils.ApplicationException: Invalid player id in persona data.  java.lang.NullPointerException
2016-03-03 16:18:11.652 [main] ERROR a00892244.Gis - Terminating Program
2016-03-03 16:20:39.558 [main] INFO  a00892244.Gis - Starting program
2016-03-03 16:20:39.562 [main] INFO  a00892244.Gis - program arguments: [by_count, desc, platform=IO, total]
2016-03-03 16:20:39.562 [main] INFO  a00892244.Gis - Reading data
2016-03-03 16:20:39.562 [main] INFO  a00892244.Gis - Reading from personas.dat
2016-03-03 16:20:39.578 [main] DEBUG a00892244.Gis - New :  Persona [id=1, playerId=1, gamerTag=Ithroeann, platform=IO, games={}]
2016-03-03 16:20:39.579 [main] DEBUG a00892244.Gis - New :  Persona [id=2, playerId=1, gamerTag=Cirronith, platform=PS, games={}]
2016-03-03 16:20:39.580 [main] DEBUG a00892244.Gis - New :  Persona [id=3, playerId=1, gamerTag=Deathstar, platform=IO, games={}]
2016-03-03 16:20:39.581 [main] DEBUG a00892244.Gis - New :  Persona [id=4, playerId=2, gamerTag=Mazzzap, platform=AN, games={}]
2016-03-03 16:20:39.581 [main] DEBUG a00892244.Gis - New :  Persona [id=5, playerId=2, gamerTag=Redstripe, platform=PC, games={}]
2016-03-03 16:20:39.581 [main] DEBUG a00892244.Gis - New :  Persona [id=6, playerId=3, gamerTag=Crayonbreath, platform=PS, games={}]
2016-03-03 16:20:39.583 [main] DEBUG a00892244.Gis - New :  Persona [id=7, playerId=4, gamerTag=Quinesia, platform=XB, games={}]
2016-03-03 16:20:39.583 [main] DEBUG a00892244.Gis - New :  Persona [id=8, playerId=4, gamerTag=VolcanoBrawler, platform=PC, games={}]
2016-03-03 16:20:39.583 [main] DEBUG a00892244.Gis - New :  Persona [id=9, playerId=5, gamerTag=CastleRock, platform=XB, games={}]
2016-03-03 16:20:39.583 [main] DEBUG a00892244.Gis - New :  Persona [id=10, playerId=5, gamerTag=TorpedoBear, platform=PC, games={}]
2016-03-03 16:20:39.583 [main] DEBUG a00892244.Gis - New :  Persona [id=11, playerId=5, gamerTag=GreenPanda, platform=AN, games={}]
2016-03-03 16:20:39.584 [main] DEBUG a00892244.Gis - {1=Persona [id=1, playerId=1, gamerTag=Ithroeann, platform=IO, games={}], 2=Persona [id=2, playerId=1, gamerTag=Cirronith, platform=PS, games={}], 3=Persona [id=3, playerId=1, gamerTag=Deathstar, platform=IO, games={}], 4=Persona [id=4, playerId=2, gamerTag=Mazzzap, platform=AN, games={}], 5=Persona [id=5, playerId=2, gamerTag=Redstripe, platform=PC, games={}], 6=Persona [id=6, playerId=3, gamerTag=Crayonbreath, platform=PS, games={}], 7=Persona [id=7, playerId=4, gamerTag=Quinesia, platform=XB, games={}], 8=Persona [id=8, playerId=4, gamerTag=VolcanoBrawler, platform=PC, games={}], 9=Persona [id=9, playerId=5, gamerTag=CastleRock, platform=XB, games={}], 10=Persona [id=10, playerId=5, gamerTag=TorpedoBear, platform=PC, games={}], 11=Persona [id=11, playerId=5, gamerTag=GreenPanda, platform=AN, games={}]}
2016-03-03 16:20:39.584 [main] INFO  a00892244.Gis - Reading from games.dat
2016-03-03 16:20:39.589 [main] DEBUG a00892244.Gis - New Game [id=CODE, name=Colour Demon, producer=Magenta Boxer, scores=[]]
2016-03-03 16:20:39.589 [main] DEBUG a00892244.Gis - New Game [id=NUPI, name=Number Picker, producer=Random Numburrs, scores=[]]
2016-03-03 16:20:39.589 [main] DEBUG a00892244.Gis - New Game [id=QUFI, name=Quick Fingers, producer=Digitology, scores=[]]
2016-03-03 16:20:39.589 [main] DEBUG a00892244.Gis - {QUFI=Game [id=QUFI, name=Quick Fingers, producer=Digitology, scores=[]], CODE=Game [id=CODE, name=Colour Demon, producer=Magenta Boxer, scores=[]], NUPI=Game [id=NUPI, name=Number Picker, producer=Random Numburrs, scores=[]]}
2016-03-03 16:20:39.589 [main] INFO  a00892244.Gis - Reading from scores.dat
2016-03-03 16:20:39.594 [main] DEBUG a00892244.Gis - New Score [personaId=11, gameId=NUPI, win=WIN]
2016-03-03 16:20:39.595 [main] DEBUG a00892244.Gis - Added Game Game [id=NUPI, name=Number Picker, producer=0:0, scores=[Score [personaId=11, gameId=NUPI, win=WIN]]] to persona id 11
2016-03-03 16:20:39.595 [main] DEBUG a00892244.Gis - New Score [personaId=8, gameId=QUFI, win=LOSE]
2016-03-03 16:20:39.597 [main] DEBUG a00892244.Gis - Added Game Game [id=QUFI, name=Quick Fingers, producer=0:0, scores=[Score [personaId=8, gameId=QUFI, win=LOSE]]] to persona id 8
2016-03-03 16:20:39.598 [main] DEBUG a00892244.Gis - New Score [personaId=4, gameId=CODE, win=LOSE]
2016-03-03 16:20:39.598 [main] DEBUG a00892244.Gis - Added Game Game [id=CODE, name=Colour Demon, producer=0:0, scores=[Score [personaId=4, gameId=CODE, win=LOSE]]] to persona id 4
2016-03-03 16:20:39.598 [main] DEBUG a00892244.Gis - New Score [personaId=5, gameId=QUFI, win=WIN]
2016-03-03 16:20:39.599 [main] DEBUG a00892244.Gis - Added Game Game [id=QUFI, name=Quick Fingers, producer=0:1, scores=[Score [personaId=5, gameId=QUFI, win=WIN]]] to persona id 5
2016-03-03 16:20:39.599 [main] DEBUG a00892244.Gis - New Score [personaId=1, gameId=QUFI, win=LOSE]
2016-03-03 16:20:39.600 [main] DEBUG a00892244.Gis - Added Game Game [id=QUFI, name=Quick Fingers, producer=1:1, scores=[Score [personaId=1, gameId=QUFI, win=LOSE]]] to persona id 1
2016-03-03 16:20:39.601 [main] DEBUG a00892244.Gis - New Score [personaId=3, gameId=QUFI, win=WIN]
2016-03-03 16:20:39.601 [main] DEBUG a00892244.Gis - Added Game Game [id=QUFI, name=Quick Fingers, producer=1:2, scores=[Score [personaId=3, gameId=QUFI, win=WIN]]] to persona id 3
2016-03-03 16:20:39.601 [main] DEBUG a00892244.Gis - New Score [personaId=7, gameId=CODE, win=WIN]
2016-03-03 16:20:39.601 [main] DEBUG a00892244.Gis - Added Game Game [id=CODE, name=Colour Demon, producer=0:1, scores=[Score [personaId=7, gameId=CODE, win=WIN]]] to persona id 7
2016-03-03 16:20:39.601 [main] DEBUG a00892244.Gis - New Score [personaId=2, gameId=CODE, win=WIN]
2016-03-03 16:20:39.602 [main] DEBUG a00892244.Gis - Added Game Game [id=CODE, name=Colour Demon, producer=1:1, scores=[Score [personaId=2, gameId=CODE, win=WIN]]] to persona id 2
2016-03-03 16:20:39.602 [main] DEBUG a00892244.Gis - New Score [personaId=4, gameId=NUPI, win=LOSE]
2016-03-03 16:20:39.602 [main] DEBUG a00892244.Gis - Added Game Game [id=NUPI, name=Number Picker, producer=1:0, scores=[Score [personaId=4, gameId=NUPI, win=LOSE]]] to persona id 4
2016-03-03 16:20:39.602 [main] DEBUG a00892244.Gis - New Score [personaId=10, gameId=NUPI, win=WIN]
2016-03-03 16:20:39.602 [main] DEBUG a00892244.Gis - Added Game Game [id=NUPI, name=Number Picker, producer=1:1, scores=[Score [personaId=10, gameId=NUPI, win=WIN]]] to persona id 10
2016-03-03 16:20:39.602 [main] DEBUG a00892244.Gis - New Score [personaId=9, gameId=QUFI, win=LOSE]
2016-03-03 16:20:39.603 [main] DEBUG a00892244.Gis - Added Game Game [id=QUFI, name=Quick Fingers, producer=2:2, scores=[Score [personaId=9, gameId=QUFI, win=LOSE]]] to persona id 9
2016-03-03 16:20:39.603 [main] DEBUG a00892244.Gis - New Score [personaId=4, gameId=QUFI, win=WIN]
2016-03-03 16:20:39.603 [main] DEBUG a00892244.Gis - Added Game Game [id=QUFI, name=Quick Fingers, producer=2:3, scores=[Score [personaId=4, gameId=QUFI, win=WIN]]] to persona id 4
2016-03-03 16:20:39.604 [main] DEBUG a00892244.Gis - New Score [personaId=5, gameId=CODE, win=LOSE]
2016-03-03 16:20:39.604 [main] DEBUG a00892244.Gis - Added Game Game [id=CODE, name=Colour Demon, producer=2:1, scores=[Score [personaId=5, gameId=CODE, win=LOSE]]] to persona id 5
2016-03-03 16:20:39.604 [main] DEBUG a00892244.Gis - New Score [personaId=1, gameId=QUFI, win=WIN]
2016-03-03 16:20:39.606 [main] DEBUG a00892244.Gis - Added Game Game [id=QUFI, name=Quick Fingers, producer=1:1, scores=[Score [personaId=1, gameId=QUFI, win=LOSE], Score [personaId=1, gameId=QUFI, win=WIN]]] to persona id 1
2016-03-03 16:20:39.606 [main] DEBUG a00892244.Gis - New Score [personaId=6, gameId=QUFI, win=WIN]
2016-03-03 16:20:39.606 [main] DEBUG a00892244.Gis - Added Game Game [id=QUFI, name=Quick Fingers, producer=4:3, scores=[Score [personaId=6, gameId=QUFI, win=WIN]]] to persona id 6
2016-03-03 16:20:39.606 [main] DEBUG a00892244.Gis - New Score [personaId=8, gameId=NUPI, win=LOSE]
2016-03-03 16:20:39.606 [main] DEBUG a00892244.Gis - Added Game Game [id=NUPI, name=Number Picker, producer=2:1, scores=[Score [personaId=8, gameId=NUPI, win=LOSE]]] to persona id 8
2016-03-03 16:20:39.606 [main] DEBUG a00892244.Gis - New Score [personaId=7, gameId=NUPI, win=WIN]
2016-03-03 16:20:39.607 [main] DEBUG a00892244.Gis - Added Game Game [id=NUPI, name=Number Picker, producer=2:2, scores=[Score [personaId=7, gameId=NUPI, win=WIN]]] to persona id 7
2016-03-03 16:20:39.607 [main] DEBUG a00892244.Gis - New Score [personaId=5, gameId=NUPI, win=WIN]
2016-03-03 16:20:39.607 [main] DEBUG a00892244.Gis - Added Game Game [id=NUPI, name=Number Picker, producer=3:2, scores=[Score [personaId=5, gameId=NUPI, win=WIN]]] to persona id 5
2016-03-03 16:20:39.608 [main] DEBUG a00892244.Gis - New Score [personaId=3, gameId=QUFI, win=WIN]
2016-03-03 16:20:39.609 [main] DEBUG a00892244.Gis - Added Game Game [id=QUFI, name=Quick Fingers, producer=1:2, scores=[Score [personaId=3, gameId=QUFI, win=WIN], Score [personaId=3, gameId=QUFI, win=WIN]]] to persona id 3
2016-03-03 16:20:39.610 [main] DEBUG a00892244.Gis - New Score [personaId=2, gameId=CODE, win=WIN]
2016-03-03 16:20:39.610 [main] DEBUG a00892244.Gis - Added Game Game [id=CODE, name=Colour Demon, producer=1:1, scores=[Score [personaId=2, gameId=CODE, win=WIN], Score [personaId=2, gameId=CODE, win=WIN]]] to persona id 2
2016-03-03 16:20:39.623 [main] DEBUG a00892244.Gis - New Score [personaId=5, gameId=CODE, win=WIN]
2016-03-03 16:20:39.638 [main] DEBUG a00892244.Gis - Added Game Game [id=CODE, name=Colour Demon, producer=2:1, scores=[Score [personaId=5, gameId=CODE, win=LOSE], Score [personaId=5, gameId=CODE, win=WIN]]] to persona id 5
2016-03-03 16:20:39.638 [main] DEBUG a00892244.Gis - New Score [personaId=8, gameId=NUPI, win=LOSE]
2016-03-03 16:20:39.643 [main] DEBUG a00892244.Gis - Added Game Game [id=NUPI, name=Number Picker, producer=2:1, scores=[Score [personaId=8, gameId=NUPI, win=LOSE], Score [personaId=8, gameId=NUPI, win=LOSE]]] to persona id 8
2016-03-03 16:20:39.643 [main] DEBUG a00892244.Gis - New Score [personaId=11, gameId=NUPI, win=LOSE]
2016-03-03 16:20:39.644 [main] DEBUG a00892244.Gis - Added Game Game [id=NUPI, name=Number Picker, producer=0:0, scores=[Score [personaId=11, gameId=NUPI, win=WIN], Score [personaId=11, gameId=NUPI, win=LOSE]]] to persona id 11
2016-03-03 16:20:39.644 [main] DEBUG a00892244.Gis - New Score [personaId=8, gameId=CODE, win=LOSE]
2016-03-03 16:20:39.645 [main] DEBUG a00892244.Gis - Added Game Game [id=CODE, name=Colour Demon, producer=4:2, scores=[Score [personaId=8, gameId=CODE, win=LOSE]]] to persona id 8
2016-03-03 16:20:39.645 [main] DEBUG a00892244.Gis - New Score [personaId=3, gameId=QUFI, win=LOSE]
2016-03-03 16:20:39.646 [main] DEBUG a00892244.Gis - Added Game Game [id=QUFI, name=Quick Fingers, producer=1:2, scores=[Score [personaId=3, gameId=QUFI, win=WIN], Score [personaId=3, gameId=QUFI, win=WIN], Score [personaId=3, gameId=QUFI, win=LOSE]]] to persona id 3
2016-03-03 16:20:39.647 [main] DEBUG a00892244.database.Database - Loading database properties from db.properties
2016-03-03 16:20:40.602 [main] INFO  a00892244.Gis - drop the tables if they exist
2016-03-03 16:20:41.050 [main] INFO  a00892244.Gis - create the tables
2016-03-03 16:20:41.597 [main] INFO  a00892244.Gis - Reading from players.dat
2016-03-03 16:20:41.983 [main] INFO  a00892244.Gis - Writing report
2016-03-03 16:20:41.984 [main] INFO  a00892244.Gis - Validating arguments [by_count, desc, platform=IO, total]
2016-03-03 16:20:42.002 [main] INFO  a00892244.Gis - 
----------------------------------------------------------
Win:Loss   Game Name            Gamertag        Platform
----------------------------------------------------------
----------------------------------------------------------
----------------------------------------------------------

2016-03-03 16:20:42.004 [main] INFO  a00892244.Gis - Exiting.  Duration: 2570 ms

2016-03-03 16:50:01.534 [main] INFO  a00892244.Gis - Starting program
2016-03-03 16:50:01.560 [main] INFO  a00892244.Gis - program arguments: [by_count, desc, platform=IO, total]
2016-03-03 16:50:01.561 [main] INFO  a00892244.Gis - Reading data
2016-03-03 16:50:01.561 [main] INFO  a00892244.Gis - Reading from personas.dat
2016-03-03 16:50:01.578 [main] DEBUG a00892244.Gis - New :  Persona [id=1, playerId=1, gamerTag=Ithroeann, platform=IO, games={}]
2016-03-03 16:50:01.578 [main] DEBUG a00892244.Gis - New :  Persona [id=2, playerId=1, gamerTag=Cirronith, platform=PS, games={}]
2016-03-03 16:50:01.578 [main] DEBUG a00892244.Gis - New :  Persona [id=3, playerId=1, gamerTag=Deathstar, platform=IO, games={}]
2016-03-03 16:50:01.578 [main] DEBUG a00892244.Gis - New :  Persona [id=4, playerId=2, gamerTag=Mazzzap, platform=AN, games={}]
2016-03-03 16:50:01.579 [main] DEBUG a00892244.Gis - New :  Persona [id=5, playerId=2, gamerTag=Redstripe, platform=PC, games={}]
2016-03-03 16:50:01.579 [main] DEBUG a00892244.Gis - New :  Persona [id=6, playerId=3, gamerTag=Crayonbreath, platform=PS, games={}]
2016-03-03 16:50:01.579 [main] DEBUG a00892244.Gis - New :  Persona [id=7, playerId=4, gamerTag=Quinesia, platform=XB, games={}]
2016-03-03 16:50:01.579 [main] DEBUG a00892244.Gis - New :  Persona [id=8, playerId=4, gamerTag=VolcanoBrawler, platform=PC, games={}]
2016-03-03 16:50:01.579 [main] DEBUG a00892244.Gis - New :  Persona [id=9, playerId=5, gamerTag=CastleRock, platform=XB, games={}]
2016-03-03 16:50:01.579 [main] DEBUG a00892244.Gis - New :  Persona [id=10, playerId=5, gamerTag=TorpedoBear, platform=PC, games={}]
2016-03-03 16:50:01.579 [main] DEBUG a00892244.Gis - New :  Persona [id=11, playerId=5, gamerTag=GreenPanda, platform=AN, games={}]
2016-03-03 16:50:01.580 [main] DEBUG a00892244.Gis - {1=Persona [id=1, playerId=1, gamerTag=Ithroeann, platform=IO, games={}], 2=Persona [id=2, playerId=1, gamerTag=Cirronith, platform=PS, games={}], 3=Persona [id=3, playerId=1, gamerTag=Deathstar, platform=IO, games={}], 4=Persona [id=4, playerId=2, gamerTag=Mazzzap, platform=AN, games={}], 5=Persona [id=5, playerId=2, gamerTag=Redstripe, platform=PC, games={}], 6=Persona [id=6, playerId=3, gamerTag=Crayonbreath, platform=PS, games={}], 7=Persona [id=7, playerId=4, gamerTag=Quinesia, platform=XB, games={}], 8=Persona [id=8, playerId=4, gamerTag=VolcanoBrawler, platform=PC, games={}], 9=Persona [id=9, playerId=5, gamerTag=CastleRock, platform=XB, games={}], 10=Persona [id=10, playerId=5, gamerTag=TorpedoBear, platform=PC, games={}], 11=Persona [id=11, playerId=5, gamerTag=GreenPanda, platform=AN, games={}]}
2016-03-03 16:50:01.580 [main] INFO  a00892244.Gis - Reading from games.dat
2016-03-03 16:50:01.612 [main] DEBUG a00892244.Gis - New Game [id=CODE, name=Colour Demon, producer=Magenta Boxer, scores=[]]
2016-03-03 16:50:01.612 [main] DEBUG a00892244.Gis - New Game [id=NUPI, name=Number Picker, producer=Random Numburrs, scores=[]]
2016-03-03 16:50:01.612 [main] DEBUG a00892244.Gis - New Game [id=QUFI, name=Quick Fingers, producer=Digitology, scores=[]]
2016-03-03 16:50:01.612 [main] DEBUG a00892244.Gis - {QUFI=Game [id=QUFI, name=Quick Fingers, producer=Digitology, scores=[]], CODE=Game [id=CODE, name=Colour Demon, producer=Magenta Boxer, scores=[]], NUPI=Game [id=NUPI, name=Number Picker, producer=Random Numburrs, scores=[]]}
2016-03-03 16:50:01.612 [main] INFO  a00892244.Gis - Reading from scores.dat
2016-03-03 16:50:01.654 [main] DEBUG a00892244.Gis - New Score [personaId=11, gameId=NUPI, win=WIN]
2016-03-03 16:50:01.654 [main] DEBUG a00892244.Gis - Added Game Game [id=NUPI, name=Number Picker, producer=0:0, scores=[Score [personaId=11, gameId=NUPI, win=WIN]]] to persona id 11
2016-03-03 16:50:01.655 [main] DEBUG a00892244.Gis - New Score [personaId=8, gameId=QUFI, win=LOSE]
2016-03-03 16:50:01.655 [main] DEBUG a00892244.Gis - Added Game Game [id=QUFI, name=Quick Fingers, producer=0:0, scores=[Score [personaId=8, gameId=QUFI, win=LOSE]]] to persona id 8
2016-03-03 16:50:01.655 [main] DEBUG a00892244.Gis - New Score [personaId=4, gameId=CODE, win=LOSE]
2016-03-03 16:50:01.655 [main] DEBUG a00892244.Gis - Added Game Game [id=CODE, name=Colour Demon, producer=0:0, scores=[Score [personaId=4, gameId=CODE, win=LOSE]]] to persona id 4
2016-03-03 16:50:01.656 [main] DEBUG a00892244.Gis - New Score [personaId=5, gameId=QUFI, win=WIN]
2016-03-03 16:50:01.656 [main] DEBUG a00892244.Gis - Added Game Game [id=QUFI, name=Quick Fingers, producer=0:1, scores=[Score [personaId=5, gameId=QUFI, win=WIN]]] to persona id 5
2016-03-03 16:50:01.657 [main] DEBUG a00892244.Gis - New Score [personaId=1, gameId=QUFI, win=LOSE]
2016-03-03 16:50:01.657 [main] DEBUG a00892244.Gis - Added Game Game [id=QUFI, name=Quick Fingers, producer=1:1, scores=[Score [personaId=1, gameId=QUFI, win=LOSE]]] to persona id 1
2016-03-03 16:50:01.657 [main] DEBUG a00892244.Gis - New Score [personaId=3, gameId=QUFI, win=WIN]
2016-03-03 16:50:01.658 [main] DEBUG a00892244.Gis - Added Game Game [id=QUFI, name=Quick Fingers, producer=1:2, scores=[Score [personaId=3, gameId=QUFI, win=WIN]]] to persona id 3
2016-03-03 16:50:01.658 [main] DEBUG a00892244.Gis - New Score [personaId=7, gameId=CODE, win=WIN]
2016-03-03 16:50:01.658 [main] DEBUG a00892244.Gis - Added Game Game [id=CODE, name=Colour Demon, producer=0:1, scores=[Score [personaId=7, gameId=CODE, win=WIN]]] to persona id 7
2016-03-03 16:50:01.658 [main] DEBUG a00892244.Gis - New Score [personaId=2, gameId=CODE, win=WIN]
2016-03-03 16:50:01.659 [main] DEBUG a00892244.Gis - Added Game Game [id=CODE, name=Colour Demon, producer=1:1, scores=[Score [personaId=2, gameId=CODE, win=WIN]]] to persona id 2
2016-03-03 16:50:01.660 [main] DEBUG a00892244.Gis - New Score [personaId=4, gameId=NUPI, win=LOSE]
2016-03-03 16:50:01.660 [main] DEBUG a00892244.Gis - Added Game Game [id=NUPI, name=Number Picker, producer=1:0, scores=[Score [personaId=4, gameId=NUPI, win=LOSE]]] to persona id 4
2016-03-03 16:50:01.660 [main] DEBUG a00892244.Gis - New Score [personaId=10, gameId=NUPI, win=WIN]
2016-03-03 16:50:01.661 [main] DEBUG a00892244.Gis - Added Game Game [id=NUPI, name=Number Picker, producer=1:1, scores=[Score [personaId=10, gameId=NUPI, win=WIN]]] to persona id 10
2016-03-03 16:50:01.661 [main] DEBUG a00892244.Gis - New Score [personaId=9, gameId=QUFI, win=LOSE]
2016-03-03 16:50:01.662 [main] DEBUG a00892244.Gis - Added Game Game [id=QUFI, name=Quick Fingers, producer=2:2, scores=[Score [personaId=9, gameId=QUFI, win=LOSE]]] to persona id 9
2016-03-03 16:50:01.662 [main] DEBUG a00892244.Gis - New Score [personaId=4, gameId=QUFI, win=WIN]
2016-03-03 16:50:01.663 [main] DEBUG a00892244.Gis - Added Game Game [id=QUFI, name=Quick Fingers, producer=2:3, scores=[Score [personaId=4, gameId=QUFI, win=WIN]]] to persona id 4
2016-03-03 16:50:01.663 [main] DEBUG a00892244.Gis - New Score [personaId=5, gameId=CODE, win=LOSE]
2016-03-03 16:50:01.663 [main] DEBUG a00892244.Gis - Added Game Game [id=CODE, name=Colour Demon, producer=2:1, scores=[Score [personaId=5, gameId=CODE, win=LOSE]]] to persona id 5
2016-03-03 16:50:01.663 [main] DEBUG a00892244.Gis - New Score [personaId=1, gameId=QUFI, win=WIN]
2016-03-03 16:50:01.664 [main] DEBUG a00892244.Gis - Added Game Game [id=QUFI, name=Quick Fingers, producer=1:1, scores=[Score [personaId=1, gameId=QUFI, win=LOSE], Score [personaId=1, gameId=QUFI, win=WIN]]] to persona id 1
2016-03-03 16:50:01.664 [main] DEBUG a00892244.Gis - New Score [personaId=6, gameId=QUFI, win=WIN]
2016-03-03 16:50:01.665 [main] DEBUG a00892244.Gis - Added Game Game [id=QUFI, name=Quick Fingers, producer=4:3, scores=[Score [personaId=6, gameId=QUFI, win=WIN]]] to persona id 6
2016-03-03 16:50:01.665 [main] DEBUG a00892244.Gis - New Score [personaId=8, gameId=NUPI, win=LOSE]
2016-03-03 16:50:01.665 [main] DEBUG a00892244.Gis - Added Game Game [id=NUPI, name=Number Picker, producer=2:1, scores=[Score [personaId=8, gameId=NUPI, win=LOSE]]] to persona id 8
2016-03-03 16:50:01.665 [main] DEBUG a00892244.Gis - New Score [personaId=7, gameId=NUPI, win=WIN]
2016-03-03 16:50:01.665 [main] DEBUG a00892244.Gis - Added Game Game [id=NUPI, name=Number Picker, producer=2:2, scores=[Score [personaId=7, gameId=NUPI, win=WIN]]] to persona id 7
2016-03-03 16:50:01.665 [main] DEBUG a00892244.Gis - New Score [personaId=5, gameId=NUPI, win=WIN]
2016-03-03 16:50:01.665 [main] DEBUG a00892244.Gis - Added Game Game [id=NUPI, name=Number Picker, producer=3:2, scores=[Score [personaId=5, gameId=NUPI, win=WIN]]] to persona id 5
2016-03-03 16:50:01.666 [main] DEBUG a00892244.Gis - New Score [personaId=3, gameId=QUFI, win=WIN]
2016-03-03 16:50:01.666 [main] DEBUG a00892244.Gis - Added Game Game [id=QUFI, name=Quick Fingers, producer=1:2, scores=[Score [personaId=3, gameId=QUFI, win=WIN], Score [personaId=3, gameId=QUFI, win=WIN]]] to persona id 3
2016-03-03 16:50:01.666 [main] DEBUG a00892244.Gis - New Score [personaId=2, gameId=CODE, win=WIN]
2016-03-03 16:50:01.667 [main] DEBUG a00892244.Gis - Added Game Game [id=CODE, name=Colour Demon, producer=1:1, scores=[Score [personaId=2, gameId=CODE, win=WIN], Score [personaId=2, gameId=CODE, win=WIN]]] to persona id 2
2016-03-03 16:50:01.667 [main] DEBUG a00892244.Gis - New Score [personaId=5, gameId=CODE, win=WIN]
2016-03-03 16:50:01.669 [main] DEBUG a00892244.Gis - Added Game Game [id=CODE, name=Colour Demon, producer=2:1, scores=[Score [personaId=5, gameId=CODE, win=LOSE], Score [personaId=5, gameId=CODE, win=WIN]]] to persona id 5
2016-03-03 16:50:01.670 [main] DEBUG a00892244.Gis - New Score [personaId=8, gameId=NUPI, win=LOSE]
2016-03-03 16:50:01.670 [main] DEBUG a00892244.Gis - Added Game Game [id=NUPI, name=Number Picker, producer=2:1, scores=[Score [personaId=8, gameId=NUPI, win=LOSE], Score [personaId=8, gameId=NUPI, win=LOSE]]] to persona id 8
2016-03-03 16:50:01.670 [main] DEBUG a00892244.Gis - New Score [personaId=11, gameId=NUPI, win=LOSE]
2016-03-03 16:50:01.670 [main] DEBUG a00892244.Gis - Added Game Game [id=NUPI, name=Number Picker, producer=0:0, scores=[Score [personaId=11, gameId=NUPI, win=WIN], Score [personaId=11, gameId=NUPI, win=LOSE]]] to persona id 11
2016-03-03 16:50:01.671 [main] DEBUG a00892244.Gis - New Score [personaId=8, gameId=CODE, win=LOSE]
2016-03-03 16:50:01.671 [main] DEBUG a00892244.Gis - Added Game Game [id=CODE, name=Colour Demon, producer=4:2, scores=[Score [personaId=8, gameId=CODE, win=LOSE]]] to persona id 8
2016-03-03 16:50:01.671 [main] DEBUG a00892244.Gis - New Score [personaId=3, gameId=QUFI, win=LOSE]
2016-03-03 16:50:01.671 [main] DEBUG a00892244.Gis - Added Game Game [id=QUFI, name=Quick Fingers, producer=1:2, scores=[Score [personaId=3, gameId=QUFI, win=WIN], Score [personaId=3, gameId=QUFI, win=WIN], Score [personaId=3, gameId=QUFI, win=LOSE]]] to persona id 3
2016-03-03 16:50:01.686 [main] DEBUG a00892244.database.Database - Loading database properties from db.properties
2016-03-03 16:50:02.652 [main] INFO  a00892244.Gis - drop the tables if they exist
2016-03-03 16:50:03.204 [main] INFO  a00892244.Gis - create the tables
2016-03-03 16:50:03.355 [main] INFO  a00892244.Gis - Reading from players.dat
2016-03-03 16:50:03.553 [main] INFO  a00892244.Gis - drop the tables if they exist
2016-03-03 16:50:03.567 [main] INFO  a00892244.Gis - create the tables
2016-03-03 16:50:03.621 [main] ERROR a00892244.Gis - Read Error:  Format specifier '%s'
2016-03-03 16:50:03.622 [main] INFO  a00892244.Gis - Writing report
2016-03-03 16:50:03.623 [main] INFO  a00892244.Gis - Validating arguments [by_count, desc, platform=IO, total]
2016-03-03 16:50:03.644 [main] INFO  a00892244.Gis - 
----------------------------------------------------------
Win:Loss   Game Name            Gamertag        Platform
----------------------------------------------------------
----------------------------------------------------------
----------------------------------------------------------

2016-03-03 16:50:03.646 [main] INFO  a00892244.Gis - Exiting.  Duration: 2207 ms

